<?xml version="1.0" encoding="UTF-8"?>
<!-- Generated by org.testng.reporters.JUnitXMLReporter -->
<testsuite hostname="DESKTOP-GG732O0" ignored="0" name="Automation Practice Test" tests="1" failures="1" timestamp="22 Jan 2018 08:11:19 GMT" time="17.459" errors="0">
  <testcase name="feature" time="16.992" classname="com.rbs.CucumberTestNGRunners.TestRunner">
    <failure type="cucumber.runtime.CucumberException" message="java.lang.AssertionError: expected [true] but found [false]">
      <![CDATA[cucumber.runtime.CucumberException: java.lang.AssertionError: expected [true] but found [false]at cucumber.api.testng.TestNGCucumberRunner.runCucumber(TestNGCucumberRunner.java:69)at com.rbs.CucumberTestNGRunners.TestRunner.feature(TestRunner.java:77)Caused by: java.lang.AssertionError: expected [true] but found [false]at com.rbs.Pages.AccountDetailsPage.verifyAccountInfoUpdated(AccountDetailsPage.java:156)at com.rbs.StepDefinition.AccountInfoStepdefs.he_should_see_the_account_info_has_changed(AccountInfoStepdefs.java:67)at âœ½.Then he should see the account info has changed(PurchaseOrder.feature:22)... Removed 31 stack frames]]>
    </failure>
  </testcase> <!-- feature -->
</testsuite> <!-- Automation Practice Test -->
